<?xml version="1.0" encoding="UTF-8"?>
<!-- Generated by org.testng.reporters.JUnitXMLReporter -->
<testsuite hostname="DESKTOP-V2IJFCR" ignored="0" name="Default test" tests="6" failures="0" timestamp="27 Jan 2023 06:43:53 GMT" time="0.048" errors="0">
  <testcase name="test1" time="0.016" classname="org.test.Sample"/>
  <testcase name="test2" time="0.0" classname="org.test.Sample"/>
  <testcase name="test3" time="0.0" classname="org.test.Sample"/>
  <testcase name="test4" time="0.0" classname="org.test.Sample"/>
  <testcase name="test5" time="0.0" classname="org.test.Sample"/>
  <testcase name="test6" time="0.0" classname="org.test.Sample"/>
</testsuite> <!-- Default test -->
