<?xml version="1.0" encoding="UTF-8"?>
<!-- Generated by org.testng.reporters.JUnitXMLReporter -->
<testsuite hostname="DESKTOP-V2IJFCR" ignored="0" name="Test" tests="12" failures="0" timestamp="22 Feb 2023 10:50:04 GMT" time="0.069" errors="0">
  <testcase name="test1" time="0.003" classname="org.test.Sample"/>
  <testcase name="test2" time="0.001" classname="org.test.Sample"/>
  <testcase name="test3" time="0.001" classname="org.test.Sample"/>
  <testcase name="test4" time="0.001" classname="org.test.Sample"/>
  <testcase name="test5" time="0.002" classname="org.test.Sample"/>
  <testcase name="test6" time="0.001" classname="org.test.Sample"/>
  <testcase name="test1" time="0.001" classname="org.test.Sample1"/>
  <testcase name="test2" time="0.002" classname="org.test.Sample1"/>
  <testcase name="test3" time="0.001" classname="org.test.Sample1"/>
  <testcase name="test4" time="0.0" classname="org.test.Sample1"/>
  <testcase name="testA1" time="0.001" classname="org.test.Sample1"/>
  <testcase name="testA2" time="0.002" classname="org.test.Sample1"/>
</testsuite> <!-- Test -->
